<?xml version="1.0" encoding="UTF-8"?>
<!-- Generated by org.testng.reporters.JUnitReportReporter -->
<testsuite hostname="DESKTOP-BPJD207" name="BDDTest.TC001LoginTest" tests="1" failures="0" timestamp="22 Mar 2018 16:41:01 GMT" time="24.955" errors="0">
  <testcase name="feature" time="24.955" classname="BDDTest.TC001LoginTest"/>
</testsuite> <!-- BDDTest.TC001LoginTest -->
